<?xml version="1.0" encoding="UTF-8"?>
<Site BuildName="(empty)"
	BuildStamp="20240724-0842-Experimental"
	Name="My-Actuator-ros"
	Generator="ctest-3.22.1"
	CompilerName="/usr/bin/g++"
	CompilerVersion="11.4.0"
	OSName="Linux"
	Hostname="My-Actuator-ros"
	OSRelease="6.5.0-44-generic"
	OSVersion="#44~22.04.1-Ubuntu SMP PREEMPT_DYNAMIC Tue Jun 18 14:36:16 UTC 2"
	OSPlatform="x86_64"
	Is64Bits="1"
	VendorString="GenuineIntel"
	VendorID="Intel Corporation"
	FamilyID="6"
	ModelID="165"
	ProcessorCacheSize="16384"
	NumberOfLogicalCPU="16"
	NumberOfPhysicalCPU="8"
	TotalVirtualMemory="2047"
	TotalPhysicalMemory="15669"
	LogicalProcessorsPerPhysical="2"
	ProcessorClockFrequency="4599.68"
	>
	<Testing>
		<StartDateTime>Jul 24 10:42 CEST</StartDateTime>
		<StartTestTime>1721810548</StartTestTime>
		<TestList/>
		<EndDateTime>Jul 24 10:42 CEST</EndDateTime>
		<EndTestTime>1721810548</EndTestTime>
		<ElapsedMinutes>0</ElapsedMinutes>
	</Testing>
</Site>
